This is pdfTeX, Version 3.141592653-2.6-1.40.22 (TeX Live 2022/dev/Debian) (preloaded format=pdflatex 2024.3.31)  31 MAR 2024 15:37
entering extended mode
 restricted \write18 enabled.
 file:line:error style messages enabled.
 %&-line parsing enabled.
**/home/spark/Documents/instructions.tex
(/home/spark/Documents/instructions.tex
LaTeX2e <2021-11-15> patch level 1
L3 programming layer <2022-01-21> (/usr/share/texlive/texmf-dist/tex/latex/base/article.cls
Document Class: article 2021/10/04 v1.4n Standard LaTeX document class
(/usr/share/texlive/texmf-dist/tex/latex/base/size12.clo
File: size12.clo 2021/10/04 v1.4n Standard LaTeX file (size option)
)
\c@part=\count185
\c@section=\count186
\c@subsection=\count187
\c@subsubsection=\count188
\c@paragraph=\count189
\c@subparagraph=\count190
\c@figure=\count191
\c@table=\count192
\abovecaptionskip=\skip47
\belowcaptionskip=\skip48
\bibindent=\dimen138
) (/usr/share/texlive/texmf-dist/tex/latex/graphics/graphicx.sty
Package: graphicx 2021/09/16 v1.2d Enhanced LaTeX Graphics (DPC,SPQR)
 (/usr/share/texlive/texmf-dist/tex/latex/graphics/keyval.sty
Package: keyval 2014/10/28 v1.15 key=value parser (DPC)
\KV@toks@=\toks16
) (/usr/share/texlive/texmf-dist/tex/latex/graphics/graphics.sty
Package: graphics 2021/03/04 v1.4d Standard LaTeX Graphics (DPC,SPQR)
 (/usr/share/texlive/texmf-dist/tex/latex/graphics/trig.sty
Package: trig 2021/08/11 v1.11 sin cos tan (DPC)
) (/usr/share/texlive/texmf-dist/tex/latex/graphics-cfg/graphics.cfg
File: graphics.cfg 2016/06/04 v1.11 sample graphics configuration
)
Package graphics Info: Driver file: pdftex.def on input line 107.
 (/usr/share/texlive/texmf-dist/tex/latex/graphics-def/pdftex.def
File: pdftex.def 2020/10/05 v1.2a Graphics/color driver for pdftex
))
\Gin@req@height=\dimen139
\Gin@req@width=\dimen140
) (/usr/share/texlive/texmf-dist/tex/latex/l3backend/l3backend-pdftex.def
File: l3backend-pdftex.def 2022-01-12 L3 backend support: PDF output (pdfTeX)
\l__color_backend_stack_int=\count193
\l__pdf_internal_box=\box50
) (./instructions.aux)
\openout1 = `instructions.aux'.

LaTeX Font Info:    Checking defaults for OML/cmm/m/it on input line 8.
LaTeX Font Info:    ... okay on input line 8.
LaTeX Font Info:    Checking defaults for OMS/cmsy/m/n on input line 8.
LaTeX Font Info:    ... okay on input line 8.
LaTeX Font Info:    Checking defaults for OT1/cmr/m/n on input line 8.
LaTeX Font Info:    ... okay on input line 8.
LaTeX Font Info:    Checking defaults for T1/cmr/m/n on input line 8.
LaTeX Font Info:    ... okay on input line 8.
LaTeX Font Info:    Checking defaults for TS1/cmr/m/n on input line 8.
LaTeX Font Info:    ... okay on input line 8.
LaTeX Font Info:    Checking defaults for OMX/cmex/m/n on input line 8.
LaTeX Font Info:    ... okay on input line 8.
LaTeX Font Info:    Checking defaults for U/cmr/m/n on input line 8.
LaTeX Font Info:    ... okay on input line 8.
 (/usr/share/texlive/texmf-dist/tex/context/base/mkii/supp-pdf.mkii
[Loading MPS to PDF converter (version 2006.09.02).]
\scratchcounter=\count194
\scratchdimen=\dimen141
\scratchbox=\box51
\nofMPsegments=\count195
\nofMParguments=\count196
\everyMPshowfont=\toks17
\MPscratchCnt=\count197
\MPscratchDim=\dimen142
\MPnumerator=\count198
\makeMPintoPDFobject=\count199
\everyMPtoPDFconversion=\toks18
) (/usr/share/texlive/texmf-dist/tex/latex/epstopdf-pkg/epstopdf-base.sty
Package: epstopdf-base 2020-01-24 v2.11 Base part for package epstopdf
Package epstopdf-base Info: Redefining graphics rule for `.eps' on input line 485.
 (/usr/share/texlive/texmf-dist/tex/latex/latexconfig/epstopdf-sys.cfg
File: epstopdf-sys.cfg 2010/07/13 v1.3 Configuration of (r)epstopdf for TeX Live
))
LaTeX Font Info:    External font `cmex10' loaded for size
(Font)              <14.4> on input line 10.
LaTeX Font Info:    External font `cmex10' loaded for size
(Font)              <7> on input line 10.
 [1



pdfTeX warning: pdflatex (file pdftex.map): cannot open font map file
]
<file system.jpg, id=9, 254.1495pt x 119.7273pt>
File: file system.jpg Graphic file (type jpg)
<use file system.jpg>
Package pdftex.def Info: file system.jpg  used on input line 23.
(pdftex.def)             Requested size: 254.14888pt x 119.72699pt.
<home screen.jpg, id=11, 368.577pt x 210.3057pt>
File: home screen.jpg Graphic file (type jpg)
<use home screen.jpg>
Package pdftex.def Info: home screen.jpg  used on input line 27.
(pdftex.def)             Requested size: 368.57608pt x 210.30518pt.
<empty.jpg, id=13, 368.577pt x 210.3057pt>
File: empty.jpg Graphic file (type jpg)
<use empty.jpg>
Package pdftex.def Info: empty.jpg  used on input line 35.
(pdftex.def)             Requested size: 368.57608pt x 210.30518pt.
 [2 <./file system.jpg> <./home screen.jpg>]
<object contorls.jpg, id=22, 368.577pt x 210.3057pt>
File: object contorls.jpg Graphic file (type jpg)
<use object contorls.jpg>
Package pdftex.def Info: object contorls.jpg  used on input line 40.
(pdftex.def)             Requested size: 368.57608pt x 210.30518pt.
 [3 <./empty.jpg> <./object contorls.jpg>]
<arrange.jpg, id=29, 301.3659pt x 104.0688pt>
File: arrange.jpg Graphic file (type jpg)
<use arrange.jpg>
Package pdftex.def Info: arrange.jpg  used on input line 57.
(pdftex.def)             Requested size: 301.36516pt x 104.06854pt.
<printer list.jpg, id=31, 121.8954pt x 82.6287pt>
File: printer list.jpg Graphic file (type jpg)
<use printer list.jpg>
Package pdftex.def Info: printer list.jpg  used on input line 63.
(pdftex.def)             Requested size: 121.8951pt x 82.62846pt.
<filament picker.jpg, id=33, 121.8954pt x 53.2389pt>
File: filament picker.jpg Graphic file (type jpg)
<use filament picker.jpg>
Package pdftex.def Info: filament picker.jpg  used on input line 67.
(pdftex.def)             Requested size: 121.8951pt x 53.23877pt.
LaTeX Font Info:    External font `cmex10' loaded for size
(Font)              <12> on input line 73.
LaTeX Font Info:    External font `cmex10' loaded for size
(Font)              <8> on input line 73.
LaTeX Font Info:    External font `cmex10' loaded for size
(Font)              <6> on input line 73.
<support options.jpg, id=35, 368.577pt x 210.3057pt>
File: support options.jpg Graphic file (type jpg)
<use support options.jpg>
Package pdftex.def Info: support options.jpg  used on input line 86.
(pdftex.def)             Requested size: 368.57608pt x 210.30518pt.
 [4 <./arrange.jpg> <./printer list.jpg> <./filament picker.jpg>]
<other options.jpg, id=44, 368.577pt x 210.3057pt>
File: other options.jpg Graphic file (type jpg)
<use other options.jpg>
Package pdftex.def Info: other options.jpg  used on input line 94.
(pdftex.def)             Requested size: 368.57608pt x 210.30518pt.
<sliced.jpg, id=46, 368.577pt x 210.3057pt>
File: sliced.jpg Graphic file (type jpg)
<use sliced.jpg>
Package pdftex.def Info: sliced.jpg  used on input line 102.
(pdftex.def)             Requested size: 368.57608pt x 210.30518pt.
 [5 <./support options.jpg> <./other options.jpg>]
<status.jpg, id=53, 368.577pt x 210.3057pt>
File: status.jpg Graphic file (type jpg)
<use status.jpg>
Package pdftex.def Info: status.jpg  used on input line 111.
(pdftex.def)             Requested size: 368.57608pt x 210.30518pt.
 [6 <./sliced.jpg> <./status.jpg>] (./instructions.aux) ) 
Here is how much of TeX's memory you used:
 1354 strings out of 480247
 22301 string characters out of 5896151
 310826 words of memory out of 5000000
 19324 multiletter control sequences out of 15000+600000
 474120 words of font info for 44 fonts, out of 8000000 for 9000
 14 hyphenation exceptions out of 8191
 55i,6n,62p,231b,193s stack positions out of 5000i,500n,10000p,200000b,80000s
 </home/spark/.texlive2021/texmf-var/fonts/pk/ljfour/public/cm/cmmi12.600pk> </home/spark/.texlive2021/texmf-var/fonts/pk/ljfour/public/cm/cmbx12.600pk> </home/spark/.texlive2021/texmf-var/fonts/pk/ljfour/public/cm/cmbx12.864pk> </usr/share/texlive/texmf-dist/fonts/pk/ljfour/public/cm/dpi600/cmr12.pk> </home/spark/.texlive2021/texmf-var/fonts/pk/ljfour/public/cm/cmr12.720pk> </home/spark/.texlive2021/texmf-var/fonts/pk/ljfour/public/cm/cmr17.720pk>
Output written on instructions.pdf (6 pages, 1361784 bytes).
PDF statistics:
 222 PDF objects out of 1000 (max. 8388607)
 49 compressed objects within 1 object stream
 0 named destinations out of 1000 (max. 500000)
 122 words of extra memory for PDF output out of 10000 (max. 10000000)

